<?xml version="1.0" encoding="UTF-8"?>
<testsuite xmlns:xsi="http://www.w3.org/2001/XMLSchema-instance" xsi:noNamespaceSchemaLocation="https://maven.apache.org/surefire/maven-surefire-plugin/xsd/surefire-test-report-3.0.xsd" version="3.0" name="runners.RunnerClass" time="19.217" tests="1" errors="0" skipped="0" failures="0">
  <properties>
[...]
</properties>
  <testcase name="Add an employee" classname="This feature is going to add a new employee in HRMS application" time="18.524">
    <system-out><![CDATA[
Scenario: Add an employee                                # src/test/resources/features/AddEmployee.feature:3
  Given user is navigated to HRMS application            # steps.AddEmployeeSteps.user_is_navigated_to_hrms_application()
  When user enters valid admin username and password     # steps.AddEmployeeSteps.user_enters_valid_admin_username_and_password()
  And user clicks on login button                        # steps.AddEmployeeSteps.user_clicks_on_login_button()
Test passed
  Then admin user is successfully logged in              # steps.AddEmployeeSteps.admin_user_is_successfully_logged_in()
  When user clicks on PIM option                         # steps.AddEmployeeSteps.user_clicks_on_pim_option()
  And user clicks on add employee option                 # steps.AddEmployeeSteps.user_clicks_on_add_employee_option()
  When user enters firstName , middleName , and lastName # steps.AddEmployeeSteps.user_enters_first_name_middle_name_and_last_name()
  And user clicks on save button                         # steps.AddEmployeeSteps.user_clicks_on_save_button()
Employee added
  Then employee added successfully                       # steps.AddEmployeeSteps.employee_added_successfully()

    Embedding Add an employee [image/png 382129 bytes]

]]></system-out>
    <system-err><![CDATA[SLF4J: Failed to load class "org.slf4j.impl.StaticLoggerBinder".
SLF4J: Defaulting to no-operation (NOP) logger implementation
SLF4J: See http://www.slf4j.org/codes.html#StaticLoggerBinder for further details.
Starting ChromeDriver 104.0.5112.79 (3cf3e8c8a07d104b9e1260c910efb8f383285dc5-refs/branch-heads/5112@{#1307}) on port 8870
Only local connections are allowed.
Please see https://chromedriver.chromium.org/security-considerations for suggestions on keeping ChromeDriver safe.
ChromeDriver was started successfully.
Aug 30, 2022 5:01:58 PM org.openqa.selenium.remote.ProtocolHandshake createSession
INFO: Detected dialect: W3C
Starting ChromeDriver 104.0.5112.79 (3cf3e8c8a07d104b9e1260c910efb8f383285dc5-refs/branch-heads/5112@{#1307}) on port 27059
Only local connections are allowed.
Please see https://chromedriver.chromium.org/security-considerations for suggestions on keeping ChromeDriver safe.
ChromeDriver was started successfully.
Aug 30, 2022 5:02:01 PM org.openqa.selenium.remote.ProtocolHandshake createSession
INFO: Detected dialect: W3C
]]></system-err>
  </testcase>
</testsuite>